<?xml version="1.0" encoding="UTF-8"?>
<testsuite xmlns:xsi="http://www.w3.org/2001/XMLSchema-instance" xsi:noNamespaceSchemaLocation="https://maven.apache.org/surefire/maven-surefire-plugin/xsd/surefire-test-report-3.0.xsd" version="3.0" name="com.example.demo.HomeControllerTest" time="3.11" tests="3" errors="0" skipped="0" failures="0">
  <properties>
[...]
</properties>
  <testcase name="indexPageRendersPolishedEnglishCopy" classname="com.example.demo.HomeControllerTest" time="1.196">
    <system-out><![CDATA[15:04:46.816 [main] INFO org.springframework.test.context.support.AnnotationConfigContextLoaderUtils -- Could not detect default configuration classes for test class [com.example.demo.HomeControllerTest]: HomeControllerTest does not declare any static, non-private, non-final, nested classes annotated with @Configuration.
15:04:46.949 [main] INFO org.springframework.boot.test.context.SpringBootTestContextBootstrapper -- Found @SpringBootConfiguration com.example.demo.DemoApplication for test class com.example.demo.HomeControllerTest

  .   ____          _            __ _ _
 /\\ / ___'_ __ _ _(_)_ __  __ _ \ \ \ \
( ( )\___ | '_ | '_| | '_ \/ _` | \ \ \ \
 \\/  ___)| |_)| | | | | || (_| |  ) ) ) )
  '  |____| .__|_| |_|_| |_\__, | / / / /
 =========|_|==============|___/=/_/_/_/

 :: Spring Boot ::                (v3.3.1)

2026-07-16T15:04:47.391+09:00  INFO 18952 --- [           main] com.example.demo.HomeControllerTest      : Starting HomeControllerTest using Java 21.0.11 with PID 18952 (started by hatog in C:\java-app\demo)
2026-07-16T15:04:47.392+09:00  INFO 18952 --- [           main] com.example.demo.HomeControllerTest      : No active profile set, falling back to 1 default profile: "default"
2026-07-16T15:04:48.183+09:00  INFO 18952 --- [           main] o.s.b.a.w.s.WelcomePageHandlerMapping    : Adding welcome page template: index
2026-07-16T15:04:48.461+09:00  INFO 18952 --- [           main] o.s.b.t.m.w.SpringBootMockServletContext : Initializing Spring TestDispatcherServlet ''
2026-07-16T15:04:48.462+09:00  INFO 18952 --- [           main] o.s.t.web.servlet.TestDispatcherServlet  : Initializing Servlet ''
2026-07-16T15:04:48.465+09:00  INFO 18952 --- [           main] o.s.t.web.servlet.TestDispatcherServlet  : Completed initialization in 1 ms
2026-07-16T15:04:48.495+09:00  INFO 18952 --- [           main] com.example.demo.HomeControllerTest      : Started HomeControllerTest in 1.459 seconds (process running for 2.419)
2026-07-16T15:04:49.268+09:00  INFO 18952 --- [           main] com.example.demo.HomeController          : Rendering home page for locale: en
]]></system-out>
    <system-err><![CDATA[WARNING: A Java agent has been loaded dynamically (C:\Users\hatog\.m2\repository\net\bytebuddy\byte-buddy-agent\1.14.17\byte-buddy-agent-1.14.17.jar)
WARNING: If a serviceability tool is in use, please run with -XX:+EnableDynamicAgentLoading to hide this warning
WARNING: If a serviceability tool is not in use, please run with -Djdk.instrument.traceUsage for more information
WARNING: Dynamic loading of agents will be disallowed by default in a future release
]]></system-err>
  </testcase>
  <testcase name="indexPageRendersLocalizedContent" classname="com.example.demo.HomeControllerTest" time="0.015">
    <system-out><![CDATA[2026-07-16T15:04:49.709+09:00  INFO 18952 --- [           main] com.example.demo.HomeController          : Rendering home page for locale: en
]]></system-out>
  </testcase>
  <testcase name="indexPageUsesEnglishTimelineContent" classname="com.example.demo.HomeControllerTest" time="0.017">
    <system-out><![CDATA[2026-07-16T15:04:49.727+09:00  INFO 18952 --- [           main] com.example.demo.HomeController          : Rendering home page for locale: en
]]></system-out>
  </testcase>
</testsuite>